# JRE version: OpenJDK Runtime Environment (8.0_112-b06) (build 1.8.0_112-release-b06)
# Java VM: OpenJDK 64-Bit Server VM (25.112-b06 mixed mode linux-amd64 compressed oops)
Heap:
 PSYoungGen      total 29184K, used 13521K [0x00000000e0000000, 0x00000000e2480000, 0x0000000100000000)
  eden space 20992K, 57% used [0x00000000e0000000,0x00000000e0bcebc0,0x00000000e1480000)
  from space 8192K, 17% used [0x00000000e1480000,0x00000000e15e59c0,0x00000000e1c80000)
  to   space 8192K, 0% used [0x00000000e1c80000,0x00000000e1c80000,0x00000000e2480000)
 ParOldGen       total 41472K, used 18892K [0x00000000a0000000, 0x00000000a2880000, 0x00000000e0000000)
  object space 41472K, 45% used [0x00000000a0000000,0x00000000a1273108,0x00000000a2880000)
 Metaspace       used 39670K, capacity 40492K, committed 40624K, reserved 1085440K
  class space    used 5356K, capacity 5549K, committed 5552K, reserved 1048576K
GC Heap History (10 events):
Event: 105.520 GC heap before
{Heap before GC invocations=15 (full 1):
 PSYoungGen      total 29696K, used 15846K [0x00000000e0000000, 0x00000000e2600000, 0x0000000100000000)
  eden space 21504K, 67% used [0x00000000e0000000,0x00000000e0e287b8,0x00000000e1500000)
  from space 8192K, 16% used [0x00000000e1500000,0x00000000e1651388,0x00000000e1d00000)
  to   space 8704K, 0% used [0x00000000e1d80000,0x00000000e1d80000,0x00000000e2600000)
 ParOldGen       total 37376K, used 13988K [0x00000000a0000000, 0x00000000a2480000, 0x00000000e0000000)
  object space 37376K, 37% used [0x00000000a0000000,0x00000000a0da9308,0x00000000a2480000)
 Metaspace       used 34601K, capacity 35252K, committed 35496K, reserved 1079296K
  class space    used 4638K, capacity 4822K, committed 4912K, reserved 1048576K
Event: 105.525 GC heap after
Heap after GC invocations=15 (full 1):
 PSYoungGen      total 30208K, used 959K [0x00000000e0000000, 0x00000000e2600000, 0x0000000100000000)
  eden space 21504K, 0% used [0x00000000e0000000,0x00000000e0000000,0x00000000e1500000)
  from space 8704K, 11% used [0x00000000e1d80000,0x00000000e1e6fef8,0x00000000e2600000)
  to   space 8704K, 0% used [0x00000000e1500000,0x00000000e1500000,0x00000000e1d80000)
 ParOldGen       total 37376K, used 14908K [0x00000000a0000000, 0x00000000a2480000, 0x00000000e0000000)
  object space 37376K, 39% used [0x00000000a0000000,0x00000000a0e8f308,0x00000000a2480000)
 Metaspace       used 34601K, capacity 35252K, committed 35496K, reserved 1079296K
  class space    used 4638K, capacity 4822K, committed 4912K, reserved 1048576K
}
Event: 105.525 GC heap before
{Heap before GC invocations=16 (full 2):
 PSYoungGen      total 30208K, used 959K [0x00000000e0000000, 0x00000000e2600000, 0x0000000100000000)
  eden space 21504K, 0% used [0x00000000e0000000,0x00000000e0000000,0x00000000e1500000)
  from space 8704K, 11% used [0x00000000e1d80000,0x00000000e1e6fef8,0x00000000e2600000)
  to   space 8704K, 0% used [0x00000000e1500000,0x00000000e1500000,0x00000000e1d80000)
 ParOldGen       total 37376K, used 14908K [0x00000000a0000000, 0x00000000a2480000, 0x00000000e0000000)
  object space 37376K, 39% used [0x00000000a0000000,0x00000000a0e8f308,0x00000000a2480000)
 Metaspace       used 34601K, capacity 35252K, committed 35496K, reserved 1079296K
  class space    used 4638K, capacity 4822K, committed 4912K, reserved 1048576K
Event: 105.725 GC heap after
Heap after GC invocations=16 (full 2):
 PSYoungGen      total 30208K, used 0K [0x00000000e0000000, 0x00000000e2600000, 0x0000000100000000)
  eden space 21504K, 0% used [0x00000000e0000000,0x00000000e0000000,0x00000000e1500000)
  from space 8704K, 0% used [0x00000000e1d80000,0x00000000e1d80000,0x00000000e2600000)
  to   space 8704K, 0% used [0x00000000e1500000,0x00000000e1500000,0x00000000e1d80000)
 ParOldGen       total 41472K, used 14199K [0x00000000a0000000, 0x00000000a2880000, 0x00000000e0000000)
  object space 41472K, 34% used [0x00000000a0000000,0x00000000a0dddf68,0x00000000a2880000)
 Metaspace       used 34601K, capacity 35252K, committed 35496K, reserved 1079296K
  class space    used 4638K, capacity 4822K, committed 4912K, reserved 1048576K
}
Event: 110.723 GC heap before
{Heap before GC invocations=17 (full 2):
 PSYoungGen      total 30208K, used 21497K [0x00000000e0000000, 0x00000000e2600000, 0x0000000100000000)
  eden space 21504K, 99% used [0x00000000e0000000,0x00000000e14fe600,0x00000000e1500000)
  from space 8704K, 0% used [0x00000000e1d80000,0x00000000e1d80000,0x00000000e2600000)
  to   space 8704K, 0% used [0x00000000e1500000,0x00000000e1500000,0x00000000e1d80000)
 ParOldGen       total 41472K, used 14199K [0x00000000a0000000, 0x00000000a2880000, 0x00000000e0000000)
  object space 41472K, 34% used [0x00000000a0000000,0x00000000a0dddf68,0x00000000a2880000)
 Metaspace       used 36470K, capacity 37114K, committed 37296K, reserved 1081344K
  class space    used 4851K, capacity 5027K, committed 5040K, reserved 1048576K
Event: 110.732 GC heap after
Heap after GC invocations=17 (full 2):
 PSYoungGen      total 25088K, used 3657K [0x00000000e0000000, 0x00000000e2480000, 0x0000000100000000)
  eden space 20992K, 0% used [0x00000000e0000000,0x00000000e0000000,0x00000000e1480000)
  from space 4096K, 89% used [0x00000000e1500000,0x00000000e1892798,0x00000000e1900000)
  to   space 8192K, 0% used [0x00000000e1c80000,0x00000000e1c80000,0x00000000e2480000)
 ParOldGen       total 41472K, used 14207K [0x00000000a0000000, 0x00000000a2880000, 0x00000000e0000000)
  object space 41472K, 34% used [0x00000000a0000000,0x00000000a0ddff68,0x00000000a2880000)
 Metaspace       used 36470K, capacity 37114K, committed 37296K, reserved 1081344K
  class space    used 4851K, capacity 5027K, committed 5040K, reserved 1048576K
}
Event: 112.756 GC heap before
{Heap before GC invocations=18 (full 2):
 PSYoungGen      total 25088K, used 24649K [0x00000000e0000000, 0x00000000e2480000, 0x0000000100000000)
  eden space 20992K, 100% used [0x00000000e0000000,0x00000000e1480000,0x00000000e1480000)
  from space 4096K, 89% used [0x00000000e1500000,0x00000000e1892798,0x00000000e1900000)
  to   space 8192K, 0% used [0x00000000e1c80000,0x00000000e1c80000,0x00000000e2480000)
 ParOldGen       total 41472K, used 14207K [0x00000000a0000000, 0x00000000a2880000, 0x00000000e0000000)
  object space 41472K, 34% used [0x00000000a0000000,0x00000000a0ddff68,0x00000000a2880000)
 Metaspace       used 36995K, capacity 37778K, committed 37936K, reserved 1081344K
  class space    used 4943K, capacity 5140K, committed 5168K, reserved 1048576K
Event: 112.776 GC heap after
Heap after GC invocations=18 (full 2):
 PSYoungGen      total 29184K, used 5181K [0x00000000e0000000, 0x00000000e2480000, 0x0000000100000000)
  eden space 20992K, 0% used [0x00000000e0000000,0x00000000e0000000,0x00000000e1480000)
  from space 8192K, 63% used [0x00000000e1c80000,0x00000000e218f680,0x00000000e2480000)
  to   space 8192K, 0% used [0x00000000e1480000,0x00000000e1480000,0x00000000e1c80000)
 ParOldGen       total 41472K, used 14215K [0x00000000a0000000, 0x00000000a2880000, 0x00000000e0000000)
  object space 41472K, 34% used [0x00000000a0000000,0x00000000a0de1f68,0x00000000a2880000)
 Metaspace       used 36995K, capacity 37778K, committed 37936K, reserved 1081344K
  class space    used 4943K, capacity 5140K, committed 5168K, reserved 1048576K
}
Event: 121.598 GC heap before
{Heap before GC invocations=19 (full 2):
 PSYoungGen      total 29184K, used 26173K [0x00000000e0000000, 0x00000000e2480000, 0x0000000100000000)
  eden space 20992K, 100% used [0x00000000e0000000,0x00000000e1480000,0x00000000e1480000)
  from space 8192K, 63% used [0x00000000e1c80000,0x00000000e218f680,0x00000000e2480000)
  to   space 8192K, 0% used [0x00000000e1480000,0x00000000e1480000,0x00000000e1c80000)
 ParOldGen       total 41472K, used 14215K [0x00000000a0000000, 0x00000000a2880000, 0x00000000e0000000)
  object space 41472K, 34% used [0x00000000a0000000,0x00000000a0de1f68,0x00000000a2880000)
 Metaspace       used 38096K, capacity 38802K, committed 39088K, reserved 1083392K
  class space    used 5108K, capacity 5278K, committed 5296K, reserved 1048576K
Event: 121.616 GC heap after
Heap after GC invocations=19 (full 2):
 PSYoungGen      total 29184K, used 1430K [0x00000000e0000000, 0x00000000e2480000, 0x0000000100000000)
  eden space 20992K, 0% used [0x00000000e0000000,0x00000000e0000000,0x00000000e1480000)
  from space 8192K, 17% used [0x00000000e1480000,0x00000000e15e59c0,0x00000000e1c80000)
  to   space 8192K, 0% used [0x00000000e1c80000,0x00000000e1c80000,0x00000000e2480000)
 ParOldGen       total 41472K, used 18892K [0x00000000a0000000, 0x00000000a2880000, 0x00000000e0000000)
  object space 41472K, 45% used [0x00000000a0000000,0x00000000a1273108,0x00000000a2880000)
 Metaspace       used 38096K, capacity 38802K, committed 39088K, reserved 1083392K
  class space    used 5108K, capacity 5278K, committed 5296K, reserved 1048576K
}

