# JRE version: OpenJDK Runtime Environment (8.0_112-b06) (build 1.8.0_112-release-b06)
# Java VM: OpenJDK 64-Bit Server VM (25.112-b06 mixed mode linux-amd64 compressed oops)
Heap:
 PSYoungGen      total 477184K, used 10770K [0x00000000e0000000, 0x00000000ffa80000, 0x0000000100000000)
  eden space 435712K, 0% used [0x00000000e0000000,0x00000000e0210588,0x00000000fa980000)
  from space 41472K, 20% used [0x00000000fd200000,0x00000000fda742a0,0x00000000ffa80000)
  to   space 41472K, 0% used [0x00000000fa980000,0x00000000fa980000,0x00000000fd200000)
 ParOldGen       total 264704K, used 126412K [0x00000000a0000000, 0x00000000b0280000, 0x00000000e0000000)
  object space 264704K, 47% used [0x00000000a0000000,0x00000000a7b73008,0x00000000b0280000)
 Metaspace       used 181521K, capacity 199474K, committed 201368K, reserved 1224704K
  class space    used 22456K, capacity 24829K, committed 25264K, reserved 1048576K
GC Heap History (10 events):
Event: 15845.123 GC heap before
{Heap before GC invocations=125 (full 7):
 PSYoungGen      total 471552K, used 447930K [0x00000000e0000000, 0x0000000100000000, 0x0000000100000000)
  eden space 423936K, 100% used [0x00000000e0000000,0x00000000f9e00000,0x00000000f9e00000)
  from space 47616K, 50% used [0x00000000f9e00000,0x00000000fb56e970,0x00000000fcc80000)
  to   space 48128K, 0% used [0x00000000fd100000,0x00000000fd100000,0x0000000100000000)
 ParOldGen       total 264704K, used 119814K [0x00000000a0000000, 0x00000000b0280000, 0x00000000e0000000)
  object space 264704K, 45% used [0x00000000a0000000,0x00000000a7501898,0x00000000b0280000)
 Metaspace       used 180836K, capacity 198202K, committed 200856K, reserved 1224704K
  class space    used 22371K, capacity 24693K, committed 25264K, reserved 1048576K
Event: 15845.183 GC heap after
Heap after GC invocations=125 (full 7):
 PSYoungGen      total 474112K, used 26349K [0x00000000e0000000, 0x0000000100000000, 0x0000000100000000)
  eden space 425984K, 0% used [0x00000000e0000000,0x00000000e0000000,0x00000000fa000000)
  from space 48128K, 54% used [0x00000000fd100000,0x00000000feabb608,0x0000000100000000)
  to   space 49152K, 0% used [0x00000000fa000000,0x00000000fa000000,0x00000000fd000000)
 ParOldGen       total 264704K, used 124562K [0x00000000a0000000, 0x00000000b0280000, 0x00000000e0000000)
  object space 264704K, 47% used [0x00000000a0000000,0x00000000a79a48f8,0x00000000b0280000)
 Metaspace       used 180836K, capacity 198202K, committed 200856K, reserved 1224704K
  class space    used 22371K, capacity 24693K, committed 25264K, reserved 1048576K
}
Event: 16053.492 GC heap before
{Heap before GC invocations=126 (full 7):
 PSYoungGen      total 474112K, used 452333K [0x00000000e0000000, 0x0000000100000000, 0x0000000100000000)
  eden space 425984K, 100% used [0x00000000e0000000,0x00000000fa000000,0x00000000fa000000)
  from space 48128K, 54% used [0x00000000fd100000,0x00000000feabb608,0x0000000100000000)
  to   space 49152K, 0% used [0x00000000fa000000,0x00000000fa000000,0x00000000fd000000)
 ParOldGen       total 264704K, used 124562K [0x00000000a0000000, 0x00000000b0280000, 0x00000000e0000000)
  object space 264704K, 47% used [0x00000000a0000000,0x00000000a79a48f8,0x00000000b0280000)
 Metaspace       used 181003K, capacity 198542K, committed 201112K, reserved 1224704K
  class space    used 22391K, capacity 24721K, committed 25264K, reserved 1048576K
Event: 16053.517 GC heap after
Heap after GC invocations=126 (full 7):
 PSYoungGen      total 435712K, used 9425K [0x00000000e0000000, 0x00000000ffc00000, 0x0000000100000000)
  eden space 425984K, 0% used [0x00000000e0000000,0x00000000e0000000,0x00000000fa000000)
  from space 9728K, 96% used [0x00000000fa000000,0x00000000fa934400,0x00000000fa980000)
  to   space 46592K, 0% used [0x00000000fce80000,0x00000000fce80000,0x00000000ffc00000)
 ParOldGen       total 264704K, used 124890K [0x00000000a0000000, 0x00000000b0280000, 0x00000000e0000000)
  object space 264704K, 47% used [0x00000000a0000000,0x00000000a79f6860,0x00000000b0280000)
 Metaspace       used 181003K, capacity 198542K, committed 201112K, reserved 1224704K
  class space    used 22391K, capacity 24721K, committed 25264K, reserved 1048576K
}
Event: 16256.124 GC heap before
{Heap before GC invocations=127 (full 7):
 PSYoungGen      total 435712K, used 435409K [0x00000000e0000000, 0x00000000ffc00000, 0x0000000100000000)
  eden space 425984K, 100% used [0x00000000e0000000,0x00000000fa000000,0x00000000fa000000)
  from space 9728K, 96% used [0x00000000fa000000,0x00000000fa934400,0x00000000fa980000)
  to   space 46592K, 0% used [0x00000000fce80000,0x00000000fce80000,0x00000000ffc00000)
 ParOldGen       total 264704K, used 124890K [0x00000000a0000000, 0x00000000b0280000, 0x00000000e0000000)
  object space 264704K, 47% used [0x00000000a0000000,0x00000000a79f6860,0x00000000b0280000)
 Metaspace       used 181160K, capacity 198820K, committed 201112K, reserved 1224704K
  class space    used 22416K, capacity 24760K, committed 25264K, reserved 1048576K
Event: 16256.143 GC heap after
Heap after GC invocations=127 (full 7):
 PSYoungGen      total 475648K, used 10759K [0x00000000e0000000, 0x0000000100000000, 0x0000000100000000)
  eden space 429056K, 0% used [0x00000000e0000000,0x00000000e0000000,0x00000000fa300000)
  from space 46592K, 23% used [0x00000000fce80000,0x00000000fd901e70,0x00000000ffc00000)
  to   space 44544K, 0% used [0x00000000fa300000,0x00000000fa300000,0x00000000fce80000)
 ParOldGen       total 264704K, used 125382K [0x00000000a0000000, 0x00000000b0280000, 0x00000000e0000000)
  object space 264704K, 47% used [0x00000000a0000000,0x00000000a7a718b0,0x00000000b0280000)
 Metaspace       used 181160K, capacity 198820K, committed 201112K, reserved 1224704K
  class space    used 22416K, capacity 24760K, committed 25264K, reserved 1048576K
}
Event: 16263.155 GC heap before
{Heap before GC invocations=128 (full 7):
 PSYoungGen      total 475648K, used 439815K [0x00000000e0000000, 0x0000000100000000, 0x0000000100000000)
  eden space 429056K, 100% used [0x00000000e0000000,0x00000000fa300000,0x00000000fa300000)
  from space 46592K, 23% used [0x00000000fce80000,0x00000000fd901e70,0x00000000ffc00000)
  to   space 44544K, 0% used [0x00000000fa300000,0x00000000fa300000,0x00000000fce80000)
 ParOldGen       total 264704K, used 125382K [0x00000000a0000000, 0x00000000b0280000, 0x00000000e0000000)
  object space 264704K, 47% used [0x00000000a0000000,0x00000000a7a718b0,0x00000000b0280000)
 Metaspace       used 181217K, capacity 198894K, committed 201112K, reserved 1224704K
  class space    used 22416K, capacity 24761K, committed 25264K, reserved 1048576K
Event: 16263.164 GC heap after
Heap after GC invocations=128 (full 7):
 PSYoungGen      total 473600K, used 1164K [0x00000000e0000000, 0x00000000ffd00000, 0x0000000100000000)
  eden space 429056K, 0% used [0x00000000e0000000,0x00000000e0000000,0x00000000fa300000)
  from space 44544K, 2% used [0x00000000fa300000,0x00000000fa423128,0x00000000fce80000)
  to   space 44032K, 0% used [0x00000000fd200000,0x00000000fd200000,0x00000000ffd00000)
 ParOldGen       total 264704K, used 126356K [0x00000000a0000000, 0x00000000b0280000, 0x00000000e0000000)
  object space 264704K, 47% used [0x00000000a0000000,0x00000000a7b65008,0x00000000b0280000)
 Metaspace       used 181217K, capacity 198894K, committed 201112K, reserved 1224704K
  class space    used 22416K, capacity 24761K, committed 25264K, reserved 1048576K
}
Event: 16778.314 GC heap before
{Heap before GC invocations=129 (full 7):
 PSYoungGen      total 473600K, used 430216K [0x00000000e0000000, 0x00000000ffd00000, 0x0000000100000000)
  eden space 429056K, 99% used [0x00000000e0000000,0x00000000fa2ff088,0x00000000fa300000)
  from space 44544K, 2% used [0x00000000fa300000,0x00000000fa423128,0x00000000fce80000)
  to   space 44032K, 0% used [0x00000000fd200000,0x00000000fd200000,0x00000000ffd00000)
 ParOldGen       total 264704K, used 126356K [0x00000000a0000000, 0x00000000b0280000, 0x00000000e0000000)
  object space 264704K, 47% used [0x00000000a0000000,0x00000000a7b65008,0x00000000b0280000)
 Metaspace       used 181521K, capacity 199474K, committed 201368K, reserved 1224704K
  class space    used 22456K, capacity 24829K, committed 25264K, reserved 1048576K
Event: 16778.349 GC heap after
Heap after GC invocations=129 (full 7):
 PSYoungGen      total 477184K, used 8656K [0x00000000e0000000, 0x00000000ffa80000, 0x0000000100000000)
  eden space 435712K, 0% used [0x00000000e0000000,0x00000000e0000000,0x00000000fa980000)
  from space 41472K, 20% used [0x00000000fd200000,0x00000000fda742a0,0x00000000ffa80000)
  to   space 41472K, 0% used [0x00000000fa980000,0x00000000fa980000,0x00000000fd200000)
 ParOldGen       total 264704K, used 126412K [0x00000000a0000000, 0x00000000b0280000, 0x00000000e0000000)
  object space 264704K, 47% used [0x00000000a0000000,0x00000000a7b73008,0x00000000b0280000)
 Metaspace       used 181521K, capacity 199474K, committed 201368K, reserved 1224704K
  class space    used 22456K, capacity 24829K, committed 25264K, reserved 1048576K
}

